<?xml version="1.0" encoding="UTF-8" ?>
<testsuite tests="4" failures="0" name="com.yu.test2.MathtestTest" time="0.018" errors="3" skipped="0">
  <properties>
[...]
</properties>
  <testcase classname="com.yu.test2.MathtestTest" name="testSetnum" time="0.007"/>
  <testcase classname="com.yu.test2.MathtestTest" name="testCount1" time="0.009">
    <error message="org/apache/commons/math3/stat/descriptive/moment/Mean" type="java.lang.NoClassDefFoundError">java.lang.NoClassDefFoundError: org/apache/commons/math3/stat/descriptive/moment/Mean
	at com.yu.test2.Mathtest.count1(Mathtest.java:23)
	at com.yu.test2.MathtestTest.testCount1(MathtestTest.java:29)
Caused by: java.lang.ClassNotFoundException: org.apache.commons.math3.stat.descriptive.moment.Mean
	at java.net.URLClassLoader.findClass(URLClassLoader.java:381)
	at java.lang.ClassLoader.loadClass(ClassLoader.java:424)
	at sun.misc.Launcher$AppClassLoader.loadClass(Launcher.java:335)
	at java.lang.ClassLoader.loadClass(ClassLoader.java:357)
	... 30 more
</error>
    <system-out>这里是count1测试
</system-out>
  </testcase>
  <testcase classname="com.yu.test2.MathtestTest" name="testCount2" time="0">
    <error message="org/apache/commons/math3/stat/descriptive/moment/Mean" type="java.lang.NoClassDefFoundError">java.lang.NoClassDefFoundError: org/apache/commons/math3/stat/descriptive/moment/Mean
	at com.yu.test2.Mathtest.count1(Mathtest.java:23)
	at com.yu.test2.Mathtest.count2(Mathtest.java:45)
	at com.yu.test2.MathtestTest.testCount2(MathtestTest.java:36)
</error>
    <system-out>这里是count2测试
</system-out>
  </testcase>
  <testcase classname="com.yu.test2.MathtestTest" name="test2Count2" time="0.002">
    <error message="org/apache/commons/math3/stat/descriptive/moment/GeometricMean" type="java.lang.NoClassDefFoundError">java.lang.NoClassDefFoundError: org/apache/commons/math3/stat/descriptive/moment/GeometricMean
	at com.yu.test2.Mathtest.count2(Mathtest.java:46)
	at com.yu.test2.MathtestTest.test2Count2(MathtestTest.java:44)
Caused by: java.lang.ClassNotFoundException: org.apache.commons.math3.stat.descriptive.moment.GeometricMean
	at java.net.URLClassLoader.findClass(URLClassLoader.java:381)
	at java.lang.ClassLoader.loadClass(ClassLoader.java:424)
	at sun.misc.Launcher$AppClassLoader.loadClass(Launcher.java:335)
	at java.lang.ClassLoader.loadClass(ClassLoader.java:357)
	... 30 more
</error>
    <system-out>这里是装模块count2测试
count1调用成功！
</system-out>
  </testcase>
</testsuite>